0 info it worked if it ends with ok
1 verbose cli [ 'D:\\NodeJS\\node.exe',
1 verbose cli   'D:\\NodeJS\\node_modules\\npm\\bin\\npm-cli.js',
1 verbose cli   'start' ]
2 info using npm@3.10.10
3 info using node@v6.10.0
4 verbose run-script [ 'prestart', 'start', 'poststart' ]
5 info lifecycle react-example@0.1.0~prestart: react-example@0.1.0
6 silly lifecycle react-example@0.1.0~prestart: no script for prestart, continuing
7 info lifecycle react-example@0.1.0~start: react-example@0.1.0
8 verbose lifecycle react-example@0.1.0~start: unsafe-perm in lifecycle true
9 verbose lifecycle react-example@0.1.0~start: PATH: D:\NodeJS\node_modules\npm\bin\node-gyp-bin;D:\Docs\SoftUni\Projects\JavaScript Applications\JavaScript Applications Demos\react-example\node_modules\.bin;C:\Windows\system32;C:\Windows;C:\Windows\System32\Wbem;C:\Windows\System32\WindowsPowerShell\v1.0\;C:\Program Files\Microsoft SQL Server\130\Tools\Binn\;C:\Program Files\Microsoft\Web Platform Installer\;C:\Program Files\dotnet\;C:\Program Files (x86)\ATI Technologies\ATI.ACE\Core-Static;C:\Program Files\Microsoft SQL Server\Client SDK\ODBC\110\Tools\Binn\;C:\Program Files (x86)\Microsoft SQL Server\120\Tools\Binn\;C:\Program Files\Microsoft SQL Server\120\Tools\Binn\;C:\Program Files\Microsoft SQL Server\120\DTS\Binn\;C:\Program Files (x86)\Microsoft SQL Server\120\Tools\Binn\ManagementStudio\;C:\Program Files (x86)\Microsoft SQL Server\120\DTS\Binn\;D:\Tortoise SVN\bin;D:\Skype\Phone\;D:\NodeJS\;C:\Users\Zaeka\AppData\Roaming\npm
10 verbose lifecycle react-example@0.1.0~start: CWD: D:\Docs\SoftUni\Projects\JavaScript Applications\JavaScript Applications Demos\react-example
11 silly lifecycle react-example@0.1.0~start: Args: [ '/d /s /c', 'react-scripts start' ]
12 silly lifecycle react-example@0.1.0~start: Returned: code: 3221225786  signal: null
13 info lifecycle react-example@0.1.0~start: Failed to exec start script
14 verbose stack Error: react-example@0.1.0 start: `react-scripts start`
14 verbose stack Exit status 3221225786
14 verbose stack     at EventEmitter.<anonymous> (D:\NodeJS\node_modules\npm\lib\utils\lifecycle.js:255:16)
14 verbose stack     at emitTwo (events.js:106:13)
14 verbose stack     at EventEmitter.emit (events.js:191:7)
14 verbose stack     at ChildProcess.<anonymous> (D:\NodeJS\node_modules\npm\lib\utils\spawn.js:40:14)
14 verbose stack     at emitTwo (events.js:106:13)
14 verbose stack     at ChildProcess.emit (events.js:191:7)
14 verbose stack     at maybeClose (internal/child_process.js:877:16)
14 verbose stack     at Process.ChildProcess._handle.onexit (internal/child_process.js:226:5)
15 verbose pkgid react-example@0.1.0
16 verbose cwd D:\Docs\SoftUni\Projects\JavaScript Applications\JavaScript Applications Demos\react-example
17 error Windows_NT 6.1.7601
18 error argv "D:\\NodeJS\\node.exe" "D:\\NodeJS\\node_modules\\npm\\bin\\npm-cli.js" "start"
19 error node v6.10.0
20 error npm  v3.10.10
21 error code ELIFECYCLE
22 error react-example@0.1.0 start: `react-scripts start`
22 error Exit status 3221225786
23 error Failed at the react-example@0.1.0 start script 'react-scripts start'.
23 error Make sure you have the latest version of node.js and npm installed.
23 error If you do, this is most likely a problem with the react-example package,
23 error not with npm itself.
23 error Tell the author that this fails on your system:
23 error     react-scripts start
23 error You can get information on how to open an issue for this project with:
23 error     npm bugs react-example
23 error Or if that isn't available, you can get their info via:
23 error     npm owner ls react-example
23 error There is likely additional logging output above.
24 verbose exit [ 1, true ]
